<?xml version="1.0" encoding="UTF-8"?>
<testsuite name="shoppingCart.AddToCartTests" tests="4" skipped="0" failures="0" errors="0" timestamp="2025-02-16T10:10:05" hostname="WAHABLAPTOP" time="0.017">
  <properties/>
  <testcase name="1) Valid add to cart (small quantity within stock)" classname="shoppingCart.AddToCartTests" time="0.002"/>
  <testcase name="2) Adding multiple times accumulates in cart" classname="shoppingCart.AddToCartTests" time="0.001"/>
  <testcase name="3) Attempting to add a product with ID that doesn't exist" classname="shoppingCart.AddToCartTests" time="0.003"/>
  <testcase name="4) Attempting to add more than available stock should fail" classname="shoppingCart.AddToCartTests" time="0.003"/>
  <system-out><![CDATA[]]></system-out>
  <system-err><![CDATA[]]></system-err>
</testsuite>
